   0  $accept : program $end

   1  program : header_program '{' ejecucion '}'
   2          | header_program

   3  header_program : ID

   4  declaracion_variables : tipo lista_variables ';'
   5                        | definicion_constante ';'

   6  lista_variables : lista_variables ',' ID
   7                  | ID

   8  sentencia_declarable : declaracion_variables
   9                       | funcion
  10                       | diferimiento

  11  funcion : header_funcion ejecucion_funcion

  12  header_funcion : FUN ID '(' lista_parametros ')' ':' tipo
  13                 | FUN ID '(' ')' ':' tipo

  14  lista_parametros : parametro
  15                   | parametro ',' parametro

  16  parametro : tipo ID

  17  tipo : ENTERO
  18       | DOUBLE

  19  ejecucion_funcion : '{' bloque_funcion RETURN '(' expresion ')' ';' '}' ';'
  20                    | '{' RETURN '(' expresion ')' ';' '}' ';'

  21  bloque_funcion : bloque_funcion sentencia_funcion
  22                 | sentencia_funcion

  23  sentencia_funcion : sentencia
  24                    | seleccion_funcion
  25                    | seleccion_when_funcion
  26                    | iteracion_while_funcion

  27  seleccion_funcion : IF condicion_salto_if then_seleccion_funcion ENDIF
  28                    | IF condicion_salto_if then_seleccion_funcion else_seleccion_funcion ENDIF

  29  then_seleccion_funcion : THEN '{' ejecucion_control RETURN '(' expresion ')' '}' ';'
  30                         | THEN RETURN '(' expresion ')' ';'

  31  else_seleccion_funcion : ELSE '{' ejecucion_control RETURN '(' expresion ')' '}' ';'
  32                         | ELSE RETURN '(' expresion ')' ';'

  33  seleccion_when_funcion : WHEN '(' comparacion_bool ')' THEN '{' ejecucion_control RETURN '(' expresion ')' '}' ';'
  34                         | WHEN '(' comparacion_bool ')' THEN RETURN '(' expresion ')' ';'

  35  iteracion_while_funcion : WHILE '(' comparacion_bool ')' ':' '(' asignacion ')' '{' ejecucion_iteracion RETURN '(' expresion ')' '}' ';'
  36                          | ID ':' WHILE '(' comparacion_bool ')' ':' '(' asignacion ')' '{' ejecucion_iteracion RETURN '(' expresion ')' '}' ';'

  37  diferimiento : DEFER sentencia_ejecutable

  38  ejecucion_control : ejecucion_control sentencia_ejecutable
  39                    | sentencia_ejecutable

  40  ejecucion : ejecucion sentencia
  41            | sentencia

  42  sentencia : sentencia_ejecutable
  43            | sentencia_declarable

  44  sentencia_ejecutable : asignacion ';'
  45                       | seleccion ';'
  46                       | impresion ';'
  47                       | seleccion_when ';'
  48                       | iteracion_while ';'
  49                       | error ';'

  50  seleccion_when : WHEN '(' comparacion_bool ')' THEN '{' ejecucion_control '}' ';'
  51                 | WHEN '(' comparacion_bool ')' THEN sentencia_ejecutable ';'

  52  iteracion_while : WHILE '(' comparacion_bool ')' ':' '(' asignacion ')' '{' ejecucion_iteracion '}' ';'
  53                  | WHILE '(' comparacion_bool ')' ':' '(' asignacion ')' sentencia_ejecutable ';'
  54                  | ID ':' WHILE '(' comparacion_bool ')' ':' '(' asignacion ')' '{' ejecucion_iteracion '}' ';'
  55                  | ID ':' WHILE '(' comparacion_bool ')' ':' '(' asignacion ')' sentencia_ejecutable ';'

  56  seleccion_iteracion : IF condicion_salto_if then_seleccion_iteracion ENDIF
  57                      | IF condicion_salto_if then_seleccion_iteracion else_seleccion_iteracion ENDIF

  58  then_seleccion_iteracion : THEN '{' ejecucion_iteracion '}' ';'
  59                           | THEN break ';'

  60  else_seleccion_iteracion : ELSE '{' ejecucion_iteracion '}' ';'
  61                           | ELSE RETURN '(' expresion ')' ';'

  62  seleccion_when_iteracion : WHEN '(' comparacion_bool ')' THEN '{' ejecucion_iteracion '}' ';'
  63                           | WHEN '(' comparacion_bool ')' THEN break ';'

  64  ejecucion_iteracion : ejecucion_iteracion sentencia_iteracion
  65                      | sentencia_iteracion

  66  sentencia_iteracion : asignacion ';'
  67                      | seleccion_iteracion ';'
  68                      | impresion ';'
  69                      | seleccion_when_iteracion ';'
  70                      | iteracion_while ';'
  71                      | break ';'

  72  break : BREAK
  73        | BREAK ID

  74  seleccion : IF condicion_salto_if then_seleccion ENDIF
  75            | IF condicion_salto_if then_seleccion else_seleccion ENDIF

  76  then_seleccion : THEN '{' ejecucion_control '}' ';'
  77                 | THEN sentencia_ejecutable ';'

  78  else_seleccion : ELSE '{' ejecucion_control '}' ';'
  79                 | ELSE sentencia_ejecutable ';'

  80  condicion_salto_if : '(' comparacion_bool ')'

  81  comparacion_bool : expresion comparador expresion

  82  comparador : '>'
  83             | '<'
  84             | '='
  85             | MAYOR_IGUAL
  86             | MENOR_IGUAL
  87             | DISTINTO

  88  lista_asignaciones : lista_asignaciones asignacion
  89                     | asignacion

  90  definicion_constante : CONST lista_asignaciones

  91  asignacion : ID ASIGNACION expresion

  92  expresion : expresion '+' termino
  93            | expresion '-' termino
  94            | termino

  95  termino : termino '*' factor
  96          | termino '/' factor
  97          | factor

  98  combinacion_terminales : ID
  99                         | CTE
 100                         | '-' CTE

 101  factor : combinacion_terminales
 102         | ID '(' combinacion_terminales ',' combinacion_terminales ')'
 103         | ID '(' combinacion_terminales ')'
 104         | ID '(' ')'

 105  impresion : OUT '(' CADENA ')' ';'

state 0
	$accept : . program $end  (0)

	ID  shift 1
	.  error

	program  goto 2
	header_program  goto 3


state 1
	header_program : ID .  (3)

	.  reduce 3


state 2
	$accept : program . $end  (0)

	$end  accept


state 3
	program : header_program . '{' ejecucion '}'  (1)
	program : header_program .  (2)

	'{'  shift 4
	$end  reduce 2


state 4
	program : header_program '{' . ejecucion '}'  (1)

	error  shift 5
	ID  shift 6
	IF  shift 7
	OUT  shift 8
	FUN  shift 9
	WHEN  shift 10
	WHILE  shift 11
	ENTERO  shift 12
	DOUBLE  shift 13
	CONST  shift 14
	DEFER  shift 15
	.  error

	ejecucion  goto 16
	declaracion_variables  goto 17
	tipo  goto 18
	definicion_constante  goto 19
	sentencia_declarable  goto 20
	funcion  goto 21
	diferimiento  goto 22
	header_funcion  goto 23
	sentencia  goto 24
	asignacion  goto 25
	sentencia_ejecutable  goto 26
	seleccion  goto 27
	impresion  goto 28
	seleccion_when  goto 29
	iteracion_while  goto 30


state 5
	sentencia_ejecutable : error . ';'  (49)

	';'  shift 31
	.  error


state 6
	iteracion_while : ID . ':' WHILE '(' comparacion_bool ')' ':' '(' asignacion ')' '{' ejecucion_iteracion '}' ';'  (54)
	iteracion_while : ID . ':' WHILE '(' comparacion_bool ')' ':' '(' asignacion ')' sentencia_ejecutable ';'  (55)
	asignacion : ID . ASIGNACION expresion  (91)

	ASIGNACION  shift 32
	':'  shift 33
	.  error


state 7
	seleccion : IF . condicion_salto_if then_seleccion ENDIF  (74)
	seleccion : IF . condicion_salto_if then_seleccion else_seleccion ENDIF  (75)

	'('  shift 34
	.  error

	condicion_salto_if  goto 35


state 8
	impresion : OUT . '(' CADENA ')' ';'  (105)

	'('  shift 36
	.  error


state 9
	header_funcion : FUN . ID '(' lista_parametros ')' ':' tipo  (12)
	header_funcion : FUN . ID '(' ')' ':' tipo  (13)

	ID  shift 37
	.  error


state 10
	seleccion_when : WHEN . '(' comparacion_bool ')' THEN '{' ejecucion_control '}' ';'  (50)
	seleccion_when : WHEN . '(' comparacion_bool ')' THEN sentencia_ejecutable ';'  (51)

	'('  shift 38
	.  error


state 11
	iteracion_while : WHILE . '(' comparacion_bool ')' ':' '(' asignacion ')' '{' ejecucion_iteracion '}' ';'  (52)
	iteracion_while : WHILE . '(' comparacion_bool ')' ':' '(' asignacion ')' sentencia_ejecutable ';'  (53)

	'('  shift 39
	.  error


state 12
	tipo : ENTERO .  (17)

	.  reduce 17


state 13
	tipo : DOUBLE .  (18)

	.  reduce 18


state 14
	definicion_constante : CONST . lista_asignaciones  (90)

	ID  shift 40
	.  error

	asignacion  goto 41
	lista_asignaciones  goto 42


state 15
	diferimiento : DEFER . sentencia_ejecutable  (37)

	error  shift 5
	ID  shift 6
	IF  shift 7
	OUT  shift 8
	WHEN  shift 10
	WHILE  shift 11
	.  error

	asignacion  goto 25
	sentencia_ejecutable  goto 43
	seleccion  goto 27
	impresion  goto 28
	seleccion_when  goto 29
	iteracion_while  goto 30


state 16
	program : header_program '{' ejecucion . '}'  (1)
	ejecucion : ejecucion . sentencia  (40)

	error  shift 5
	ID  shift 6
	IF  shift 7
	OUT  shift 8
	FUN  shift 9
	WHEN  shift 10
	WHILE  shift 11
	ENTERO  shift 12
	DOUBLE  shift 13
	CONST  shift 14
	DEFER  shift 15
	'}'  shift 44
	.  error

	declaracion_variables  goto 17
	tipo  goto 18
	definicion_constante  goto 19
	sentencia_declarable  goto 20
	funcion  goto 21
	diferimiento  goto 22
	header_funcion  goto 23
	sentencia  goto 45
	asignacion  goto 25
	sentencia_ejecutable  goto 26
	seleccion  goto 27
	impresion  goto 28
	seleccion_when  goto 29
	iteracion_while  goto 30


state 17
	sentencia_declarable : declaracion_variables .  (8)

	.  reduce 8


state 18
	declaracion_variables : tipo . lista_variables ';'  (4)

	ID  shift 46
	.  error

	lista_variables  goto 47


state 19
	declaracion_variables : definicion_constante . ';'  (5)

	';'  shift 48
	.  error


state 20
	sentencia : sentencia_declarable .  (43)

	.  reduce 43


state 21
	sentencia_declarable : funcion .  (9)

	.  reduce 9


state 22
	sentencia_declarable : diferimiento .  (10)

	.  reduce 10


state 23
	funcion : header_funcion . ejecucion_funcion  (11)

	'{'  shift 49
	.  error

	ejecucion_funcion  goto 50


state 24
	ejecucion : sentencia .  (41)

	.  reduce 41


state 25
	sentencia_ejecutable : asignacion . ';'  (44)

	';'  shift 51
	.  error


state 26
	sentencia : sentencia_ejecutable .  (42)

	.  reduce 42


state 27
	sentencia_ejecutable : seleccion . ';'  (45)

	';'  shift 52
	.  error


state 28
	sentencia_ejecutable : impresion . ';'  (46)

	';'  shift 53
	.  error


state 29
	sentencia_ejecutable : seleccion_when . ';'  (47)

	';'  shift 54
	.  error


state 30
	sentencia_ejecutable : iteracion_while . ';'  (48)

	';'  shift 55
	.  error


state 31
	sentencia_ejecutable : error ';' .  (49)

	.  reduce 49


state 32
	asignacion : ID ASIGNACION . expresion  (91)

	ID  shift 56
	CTE  shift 57
	'-'  shift 58
	.  error

	expresion  goto 59
	termino  goto 60
	factor  goto 61
	combinacion_terminales  goto 62


state 33
	iteracion_while : ID ':' . WHILE '(' comparacion_bool ')' ':' '(' asignacion ')' '{' ejecucion_iteracion '}' ';'  (54)
	iteracion_while : ID ':' . WHILE '(' comparacion_bool ')' ':' '(' asignacion ')' sentencia_ejecutable ';'  (55)

	WHILE  shift 63
	.  error


state 34
	condicion_salto_if : '(' . comparacion_bool ')'  (80)

	ID  shift 56
	CTE  shift 57
	'-'  shift 58
	.  error

	expresion  goto 64
	comparacion_bool  goto 65
	termino  goto 60
	factor  goto 61
	combinacion_terminales  goto 62


state 35
	seleccion : IF condicion_salto_if . then_seleccion ENDIF  (74)
	seleccion : IF condicion_salto_if . then_seleccion else_seleccion ENDIF  (75)

	THEN  shift 66
	.  error

	then_seleccion  goto 67


state 36
	impresion : OUT '(' . CADENA ')' ';'  (105)

	CADENA  shift 68
	.  error


state 37
	header_funcion : FUN ID . '(' lista_parametros ')' ':' tipo  (12)
	header_funcion : FUN ID . '(' ')' ':' tipo  (13)

	'('  shift 69
	.  error


state 38
	seleccion_when : WHEN '(' . comparacion_bool ')' THEN '{' ejecucion_control '}' ';'  (50)
	seleccion_when : WHEN '(' . comparacion_bool ')' THEN sentencia_ejecutable ';'  (51)

	ID  shift 56
	CTE  shift 57
	'-'  shift 58
	.  error

	expresion  goto 64
	comparacion_bool  goto 70
	termino  goto 60
	factor  goto 61
	combinacion_terminales  goto 62


state 39
	iteracion_while : WHILE '(' . comparacion_bool ')' ':' '(' asignacion ')' '{' ejecucion_iteracion '}' ';'  (52)
	iteracion_while : WHILE '(' . comparacion_bool ')' ':' '(' asignacion ')' sentencia_ejecutable ';'  (53)

	ID  shift 56
	CTE  shift 57
	'-'  shift 58
	.  error

	expresion  goto 64
	comparacion_bool  goto 71
	termino  goto 60
	factor  goto 61
	combinacion_terminales  goto 62


state 40
	asignacion : ID . ASIGNACION expresion  (91)

	ASIGNACION  shift 32
	.  error


state 41
	lista_asignaciones : asignacion .  (89)

	.  reduce 89


state 42
	lista_asignaciones : lista_asignaciones . asignacion  (88)
	definicion_constante : CONST lista_asignaciones .  (90)

	ID  shift 40
	';'  reduce 90

	asignacion  goto 72


state 43
	diferimiento : DEFER sentencia_ejecutable .  (37)

	.  reduce 37


state 44
	program : header_program '{' ejecucion '}' .  (1)

	.  reduce 1


state 45
	ejecucion : ejecucion sentencia .  (40)

	.  reduce 40


state 46
	lista_variables : ID .  (7)

	.  reduce 7


state 47
	declaracion_variables : tipo lista_variables . ';'  (4)
	lista_variables : lista_variables . ',' ID  (6)

	';'  shift 73
	','  shift 74
	.  error


state 48
	declaracion_variables : definicion_constante ';' .  (5)

	.  reduce 5


state 49
	ejecucion_funcion : '{' . bloque_funcion RETURN '(' expresion ')' ';' '}' ';'  (19)
	ejecucion_funcion : '{' . RETURN '(' expresion ')' ';' '}' ';'  (20)

	error  shift 5
	ID  shift 75
	IF  shift 76
	OUT  shift 8
	FUN  shift 9
	RETURN  shift 77
	WHEN  shift 78
	WHILE  shift 79
	ENTERO  shift 12
	DOUBLE  shift 13
	CONST  shift 14
	DEFER  shift 15
	.  error

	declaracion_variables  goto 17
	tipo  goto 18
	definicion_constante  goto 19
	sentencia_declarable  goto 20
	funcion  goto 21
	diferimiento  goto 22
	header_funcion  goto 23
	bloque_funcion  goto 80
	sentencia_funcion  goto 81
	sentencia  goto 82
	seleccion_funcion  goto 83
	seleccion_when_funcion  goto 84
	iteracion_while_funcion  goto 85
	asignacion  goto 25
	sentencia_ejecutable  goto 26
	seleccion  goto 27
	impresion  goto 28
	seleccion_when  goto 29
	iteracion_while  goto 30


state 50
	funcion : header_funcion ejecucion_funcion .  (11)

	.  reduce 11


state 51
	sentencia_ejecutable : asignacion ';' .  (44)

	.  reduce 44


state 52
	sentencia_ejecutable : seleccion ';' .  (45)

	.  reduce 45


state 53
	sentencia_ejecutable : impresion ';' .  (46)

	.  reduce 46


state 54
	sentencia_ejecutable : seleccion_when ';' .  (47)

	.  reduce 47


state 55
	sentencia_ejecutable : iteracion_while ';' .  (48)

	.  reduce 48


state 56
	combinacion_terminales : ID .  (98)
	factor : ID . '(' combinacion_terminales ',' combinacion_terminales ')'  (102)
	factor : ID . '(' combinacion_terminales ')'  (103)
	factor : ID . '(' ')'  (104)

	'('  shift 86
	ID  reduce 98
	MAYOR_IGUAL  reduce 98
	MENOR_IGUAL  reduce 98
	DISTINTO  reduce 98
	'+'  reduce 98
	'-'  reduce 98
	'*'  reduce 98
	'/'  reduce 98
	';'  reduce 98
	')'  reduce 98
	'>'  reduce 98
	'<'  reduce 98
	'='  reduce 98


state 57
	combinacion_terminales : CTE .  (99)

	.  reduce 99


state 58
	combinacion_terminales : '-' . CTE  (100)

	CTE  shift 87
	.  error


state 59
	asignacion : ID ASIGNACION expresion .  (91)
	expresion : expresion . '+' termino  (92)
	expresion : expresion . '-' termino  (93)

	'+'  shift 88
	'-'  shift 89
	ID  reduce 91
	';'  reduce 91
	')'  reduce 91


state 60
	expresion : termino .  (94)
	termino : termino . '*' factor  (95)
	termino : termino . '/' factor  (96)

	'*'  shift 90
	'/'  shift 91
	ID  reduce 94
	MAYOR_IGUAL  reduce 94
	MENOR_IGUAL  reduce 94
	DISTINTO  reduce 94
	'+'  reduce 94
	'-'  reduce 94
	';'  reduce 94
	')'  reduce 94
	'>'  reduce 94
	'<'  reduce 94
	'='  reduce 94


state 61
	termino : factor .  (97)

	.  reduce 97


state 62
	factor : combinacion_terminales .  (101)

	.  reduce 101


state 63
	iteracion_while : ID ':' WHILE . '(' comparacion_bool ')' ':' '(' asignacion ')' '{' ejecucion_iteracion '}' ';'  (54)
	iteracion_while : ID ':' WHILE . '(' comparacion_bool ')' ':' '(' asignacion ')' sentencia_ejecutable ';'  (55)

	'('  shift 92
	.  error


state 64
	comparacion_bool : expresion . comparador expresion  (81)
	expresion : expresion . '+' termino  (92)
	expresion : expresion . '-' termino  (93)

	MAYOR_IGUAL  shift 93
	MENOR_IGUAL  shift 94
	DISTINTO  shift 95
	'+'  shift 88
	'-'  shift 89
	'>'  shift 96
	'<'  shift 97
	'='  shift 98
	.  error

	comparador  goto 99


state 65
	condicion_salto_if : '(' comparacion_bool . ')'  (80)

	')'  shift 100
	.  error


state 66
	then_seleccion : THEN . '{' ejecucion_control '}' ';'  (76)
	then_seleccion : THEN . sentencia_ejecutable ';'  (77)

	error  shift 5
	ID  shift 6
	IF  shift 7
	OUT  shift 8
	WHEN  shift 10
	WHILE  shift 11
	'{'  shift 101
	.  error

	asignacion  goto 25
	sentencia_ejecutable  goto 102
	seleccion  goto 27
	impresion  goto 28
	seleccion_when  goto 29
	iteracion_while  goto 30


state 67
	seleccion : IF condicion_salto_if then_seleccion . ENDIF  (74)
	seleccion : IF condicion_salto_if then_seleccion . else_seleccion ENDIF  (75)

	ELSE  shift 103
	ENDIF  shift 104
	.  error

	else_seleccion  goto 105


state 68
	impresion : OUT '(' CADENA . ')' ';'  (105)

	')'  shift 106
	.  error


state 69
	header_funcion : FUN ID '(' . lista_parametros ')' ':' tipo  (12)
	header_funcion : FUN ID '(' . ')' ':' tipo  (13)

	ENTERO  shift 12
	DOUBLE  shift 13
	')'  shift 107
	.  error

	tipo  goto 108
	lista_parametros  goto 109
	parametro  goto 110


state 70
	seleccion_when : WHEN '(' comparacion_bool . ')' THEN '{' ejecucion_control '}' ';'  (50)
	seleccion_when : WHEN '(' comparacion_bool . ')' THEN sentencia_ejecutable ';'  (51)

	')'  shift 111
	.  error


state 71
	iteracion_while : WHILE '(' comparacion_bool . ')' ':' '(' asignacion ')' '{' ejecucion_iteracion '}' ';'  (52)
	iteracion_while : WHILE '(' comparacion_bool . ')' ':' '(' asignacion ')' sentencia_ejecutable ';'  (53)

	')'  shift 112
	.  error


state 72
	lista_asignaciones : lista_asignaciones asignacion .  (88)

	.  reduce 88


state 73
	declaracion_variables : tipo lista_variables ';' .  (4)

	.  reduce 4


state 74
	lista_variables : lista_variables ',' . ID  (6)

	ID  shift 113
	.  error


state 75
	iteracion_while_funcion : ID . ':' WHILE '(' comparacion_bool ')' ':' '(' asignacion ')' '{' ejecucion_iteracion RETURN '(' expresion ')' '}' ';'  (36)
	iteracion_while : ID . ':' WHILE '(' comparacion_bool ')' ':' '(' asignacion ')' '{' ejecucion_iteracion '}' ';'  (54)
	iteracion_while : ID . ':' WHILE '(' comparacion_bool ')' ':' '(' asignacion ')' sentencia_ejecutable ';'  (55)
	asignacion : ID . ASIGNACION expresion  (91)

	ASIGNACION  shift 32
	':'  shift 114
	.  error


state 76
	seleccion_funcion : IF . condicion_salto_if then_seleccion_funcion ENDIF  (27)
	seleccion_funcion : IF . condicion_salto_if then_seleccion_funcion else_seleccion_funcion ENDIF  (28)
	seleccion : IF . condicion_salto_if then_seleccion ENDIF  (74)
	seleccion : IF . condicion_salto_if then_seleccion else_seleccion ENDIF  (75)

	'('  shift 34
	.  error

	condicion_salto_if  goto 115


state 77
	ejecucion_funcion : '{' RETURN . '(' expresion ')' ';' '}' ';'  (20)

	'('  shift 116
	.  error


state 78
	seleccion_when_funcion : WHEN . '(' comparacion_bool ')' THEN '{' ejecucion_control RETURN '(' expresion ')' '}' ';'  (33)
	seleccion_when_funcion : WHEN . '(' comparacion_bool ')' THEN RETURN '(' expresion ')' ';'  (34)
	seleccion_when : WHEN . '(' comparacion_bool ')' THEN '{' ejecucion_control '}' ';'  (50)
	seleccion_when : WHEN . '(' comparacion_bool ')' THEN sentencia_ejecutable ';'  (51)

	'('  shift 117
	.  error


state 79
	iteracion_while_funcion : WHILE . '(' comparacion_bool ')' ':' '(' asignacion ')' '{' ejecucion_iteracion RETURN '(' expresion ')' '}' ';'  (35)
	iteracion_while : WHILE . '(' comparacion_bool ')' ':' '(' asignacion ')' '{' ejecucion_iteracion '}' ';'  (52)
	iteracion_while : WHILE . '(' comparacion_bool ')' ':' '(' asignacion ')' sentencia_ejecutable ';'  (53)

	'('  shift 118
	.  error


state 80
	ejecucion_funcion : '{' bloque_funcion . RETURN '(' expresion ')' ';' '}' ';'  (19)
	bloque_funcion : bloque_funcion . sentencia_funcion  (21)

	error  shift 5
	ID  shift 75
	IF  shift 76
	OUT  shift 8
	FUN  shift 9
	RETURN  shift 119
	WHEN  shift 78
	WHILE  shift 79
	ENTERO  shift 12
	DOUBLE  shift 13
	CONST  shift 14
	DEFER  shift 15
	.  error

	declaracion_variables  goto 17
	tipo  goto 18
	definicion_constante  goto 19
	sentencia_declarable  goto 20
	funcion  goto 21
	diferimiento  goto 22
	header_funcion  goto 23
	sentencia_funcion  goto 120
	sentencia  goto 82
	seleccion_funcion  goto 83
	seleccion_when_funcion  goto 84
	iteracion_while_funcion  goto 85
	asignacion  goto 25
	sentencia_ejecutable  goto 26
	seleccion  goto 27
	impresion  goto 28
	seleccion_when  goto 29
	iteracion_while  goto 30


state 81
	bloque_funcion : sentencia_funcion .  (22)

	.  reduce 22


state 82
	sentencia_funcion : sentencia .  (23)

	.  reduce 23


state 83
	sentencia_funcion : seleccion_funcion .  (24)

	.  reduce 24


state 84
	sentencia_funcion : seleccion_when_funcion .  (25)

	.  reduce 25


state 85
	sentencia_funcion : iteracion_while_funcion .  (26)

	.  reduce 26


state 86
	factor : ID '(' . combinacion_terminales ',' combinacion_terminales ')'  (102)
	factor : ID '(' . combinacion_terminales ')'  (103)
	factor : ID '(' . ')'  (104)

	ID  shift 121
	CTE  shift 57
	'-'  shift 58
	')'  shift 122
	.  error

	combinacion_terminales  goto 123


state 87
	combinacion_terminales : '-' CTE .  (100)

	.  reduce 100


state 88
	expresion : expresion '+' . termino  (92)

	ID  shift 56
	CTE  shift 57
	'-'  shift 58
	.  error

	termino  goto 124
	factor  goto 61
	combinacion_terminales  goto 62


state 89
	expresion : expresion '-' . termino  (93)

	ID  shift 56
	CTE  shift 57
	'-'  shift 58
	.  error

	termino  goto 125
	factor  goto 61
	combinacion_terminales  goto 62


state 90
	termino : termino '*' . factor  (95)

	ID  shift 56
	CTE  shift 57
	'-'  shift 58
	.  error

	factor  goto 126
	combinacion_terminales  goto 62


state 91
	termino : termino '/' . factor  (96)

	ID  shift 56
	CTE  shift 57
	'-'  shift 58
	.  error

	factor  goto 127
	combinacion_terminales  goto 62


state 92
	iteracion_while : ID ':' WHILE '(' . comparacion_bool ')' ':' '(' asignacion ')' '{' ejecucion_iteracion '}' ';'  (54)
	iteracion_while : ID ':' WHILE '(' . comparacion_bool ')' ':' '(' asignacion ')' sentencia_ejecutable ';'  (55)

	ID  shift 56
	CTE  shift 57
	'-'  shift 58
	.  error

	expresion  goto 64
	comparacion_bool  goto 128
	termino  goto 60
	factor  goto 61
	combinacion_terminales  goto 62


state 93
	comparador : MAYOR_IGUAL .  (85)

	.  reduce 85


state 94
	comparador : MENOR_IGUAL .  (86)

	.  reduce 86


state 95
	comparador : DISTINTO .  (87)

	.  reduce 87


state 96
	comparador : '>' .  (82)

	.  reduce 82


state 97
	comparador : '<' .  (83)

	.  reduce 83


state 98
	comparador : '=' .  (84)

	.  reduce 84


state 99
	comparacion_bool : expresion comparador . expresion  (81)

	ID  shift 56
	CTE  shift 57
	'-'  shift 58
	.  error

	expresion  goto 129
	termino  goto 60
	factor  goto 61
	combinacion_terminales  goto 62


state 100
	condicion_salto_if : '(' comparacion_bool ')' .  (80)

	.  reduce 80


state 101
	then_seleccion : THEN '{' . ejecucion_control '}' ';'  (76)

	error  shift 5
	ID  shift 6
	IF  shift 7
	OUT  shift 8
	WHEN  shift 10
	WHILE  shift 11
	.  error

	ejecucion_control  goto 130
	asignacion  goto 25
	sentencia_ejecutable  goto 131
	seleccion  goto 27
	impresion  goto 28
	seleccion_when  goto 29
	iteracion_while  goto 30


state 102
	then_seleccion : THEN sentencia_ejecutable . ';'  (77)

	';'  shift 132
	.  error


state 103
	else_seleccion : ELSE . '{' ejecucion_control '}' ';'  (78)
	else_seleccion : ELSE . sentencia_ejecutable ';'  (79)

	error  shift 5
	ID  shift 6
	IF  shift 7
	OUT  shift 8
	WHEN  shift 10
	WHILE  shift 11
	'{'  shift 133
	.  error

	asignacion  goto 25
	sentencia_ejecutable  goto 134
	seleccion  goto 27
	impresion  goto 28
	seleccion_when  goto 29
	iteracion_while  goto 30


state 104
	seleccion : IF condicion_salto_if then_seleccion ENDIF .  (74)

	.  reduce 74


state 105
	seleccion : IF condicion_salto_if then_seleccion else_seleccion . ENDIF  (75)

	ENDIF  shift 135
	.  error


state 106
	impresion : OUT '(' CADENA ')' . ';'  (105)

	';'  shift 136
	.  error


state 107
	header_funcion : FUN ID '(' ')' . ':' tipo  (13)

	':'  shift 137
	.  error


state 108
	parametro : tipo . ID  (16)

	ID  shift 138
	.  error


state 109
	header_funcion : FUN ID '(' lista_parametros . ')' ':' tipo  (12)

	')'  shift 139
	.  error


state 110
	lista_parametros : parametro .  (14)
	lista_parametros : parametro . ',' parametro  (15)

	','  shift 140
	')'  reduce 14


state 111
	seleccion_when : WHEN '(' comparacion_bool ')' . THEN '{' ejecucion_control '}' ';'  (50)
	seleccion_when : WHEN '(' comparacion_bool ')' . THEN sentencia_ejecutable ';'  (51)

	THEN  shift 141
	.  error


state 112
	iteracion_while : WHILE '(' comparacion_bool ')' . ':' '(' asignacion ')' '{' ejecucion_iteracion '}' ';'  (52)
	iteracion_while : WHILE '(' comparacion_bool ')' . ':' '(' asignacion ')' sentencia_ejecutable ';'  (53)

	':'  shift 142
	.  error


state 113
	lista_variables : lista_variables ',' ID .  (6)

	.  reduce 6


state 114
	iteracion_while_funcion : ID ':' . WHILE '(' comparacion_bool ')' ':' '(' asignacion ')' '{' ejecucion_iteracion RETURN '(' expresion ')' '}' ';'  (36)
	iteracion_while : ID ':' . WHILE '(' comparacion_bool ')' ':' '(' asignacion ')' '{' ejecucion_iteracion '}' ';'  (54)
	iteracion_while : ID ':' . WHILE '(' comparacion_bool ')' ':' '(' asignacion ')' sentencia_ejecutable ';'  (55)

	WHILE  shift 143
	.  error


state 115
	seleccion_funcion : IF condicion_salto_if . then_seleccion_funcion ENDIF  (27)
	seleccion_funcion : IF condicion_salto_if . then_seleccion_funcion else_seleccion_funcion ENDIF  (28)
	seleccion : IF condicion_salto_if . then_seleccion ENDIF  (74)
	seleccion : IF condicion_salto_if . then_seleccion else_seleccion ENDIF  (75)

	THEN  shift 144
	.  error

	then_seleccion_funcion  goto 145
	then_seleccion  goto 67


state 116
	ejecucion_funcion : '{' RETURN '(' . expresion ')' ';' '}' ';'  (20)

	ID  shift 56
	CTE  shift 57
	'-'  shift 58
	.  error

	expresion  goto 146
	termino  goto 60
	factor  goto 61
	combinacion_terminales  goto 62


state 117
	seleccion_when_funcion : WHEN '(' . comparacion_bool ')' THEN '{' ejecucion_control RETURN '(' expresion ')' '}' ';'  (33)
	seleccion_when_funcion : WHEN '(' . comparacion_bool ')' THEN RETURN '(' expresion ')' ';'  (34)
	seleccion_when : WHEN '(' . comparacion_bool ')' THEN '{' ejecucion_control '}' ';'  (50)
	seleccion_when : WHEN '(' . comparacion_bool ')' THEN sentencia_ejecutable ';'  (51)

	ID  shift 56
	CTE  shift 57
	'-'  shift 58
	.  error

	expresion  goto 64
	comparacion_bool  goto 147
	termino  goto 60
	factor  goto 61
	combinacion_terminales  goto 62


state 118
	iteracion_while_funcion : WHILE '(' . comparacion_bool ')' ':' '(' asignacion ')' '{' ejecucion_iteracion RETURN '(' expresion ')' '}' ';'  (35)
	iteracion_while : WHILE '(' . comparacion_bool ')' ':' '(' asignacion ')' '{' ejecucion_iteracion '}' ';'  (52)
	iteracion_while : WHILE '(' . comparacion_bool ')' ':' '(' asignacion ')' sentencia_ejecutable ';'  (53)

	ID  shift 56
	CTE  shift 57
	'-'  shift 58
	.  error

	expresion  goto 64
	comparacion_bool  goto 148
	termino  goto 60
	factor  goto 61
	combinacion_terminales  goto 62


state 119
	ejecucion_funcion : '{' bloque_funcion RETURN . '(' expresion ')' ';' '}' ';'  (19)

	'('  shift 149
	.  error


state 120
	bloque_funcion : bloque_funcion sentencia_funcion .  (21)

	.  reduce 21


state 121
	combinacion_terminales : ID .  (98)

	.  reduce 98


state 122
	factor : ID '(' ')' .  (104)

	.  reduce 104


state 123
	factor : ID '(' combinacion_terminales . ',' combinacion_terminales ')'  (102)
	factor : ID '(' combinacion_terminales . ')'  (103)

	','  shift 150
	')'  shift 151
	.  error


state 124
	expresion : expresion '+' termino .  (92)
	termino : termino . '*' factor  (95)
	termino : termino . '/' factor  (96)

	'*'  shift 90
	'/'  shift 91
	ID  reduce 92
	MAYOR_IGUAL  reduce 92
	MENOR_IGUAL  reduce 92
	DISTINTO  reduce 92
	'+'  reduce 92
	'-'  reduce 92
	';'  reduce 92
	')'  reduce 92
	'>'  reduce 92
	'<'  reduce 92
	'='  reduce 92


state 125
	expresion : expresion '-' termino .  (93)
	termino : termino . '*' factor  (95)
	termino : termino . '/' factor  (96)

	'*'  shift 90
	'/'  shift 91
	ID  reduce 93
	MAYOR_IGUAL  reduce 93
	MENOR_IGUAL  reduce 93
	DISTINTO  reduce 93
	'+'  reduce 93
	'-'  reduce 93
	';'  reduce 93
	')'  reduce 93
	'>'  reduce 93
	'<'  reduce 93
	'='  reduce 93


state 126
	termino : termino '*' factor .  (95)

	.  reduce 95


state 127
	termino : termino '/' factor .  (96)

	.  reduce 96


state 128
	iteracion_while : ID ':' WHILE '(' comparacion_bool . ')' ':' '(' asignacion ')' '{' ejecucion_iteracion '}' ';'  (54)
	iteracion_while : ID ':' WHILE '(' comparacion_bool . ')' ':' '(' asignacion ')' sentencia_ejecutable ';'  (55)

	')'  shift 152
	.  error


state 129
	comparacion_bool : expresion comparador expresion .  (81)
	expresion : expresion . '+' termino  (92)
	expresion : expresion . '-' termino  (93)

	'+'  shift 88
	'-'  shift 89
	')'  reduce 81


state 130
	ejecucion_control : ejecucion_control . sentencia_ejecutable  (38)
	then_seleccion : THEN '{' ejecucion_control . '}' ';'  (76)

	error  shift 5
	ID  shift 6
	IF  shift 7
	OUT  shift 8
	WHEN  shift 10
	WHILE  shift 11
	'}'  shift 153
	.  error

	asignacion  goto 25
	sentencia_ejecutable  goto 154
	seleccion  goto 27
	impresion  goto 28
	seleccion_when  goto 29
	iteracion_while  goto 30


state 131
	ejecucion_control : sentencia_ejecutable .  (39)

	.  reduce 39


state 132
	then_seleccion : THEN sentencia_ejecutable ';' .  (77)

	.  reduce 77


state 133
	else_seleccion : ELSE '{' . ejecucion_control '}' ';'  (78)

	error  shift 5
	ID  shift 6
	IF  shift 7
	OUT  shift 8
	WHEN  shift 10
	WHILE  shift 11
	.  error

	ejecucion_control  goto 155
	asignacion  goto 25
	sentencia_ejecutable  goto 131
	seleccion  goto 27
	impresion  goto 28
	seleccion_when  goto 29
	iteracion_while  goto 30


state 134
	else_seleccion : ELSE sentencia_ejecutable . ';'  (79)

	';'  shift 156
	.  error


state 135
	seleccion : IF condicion_salto_if then_seleccion else_seleccion ENDIF .  (75)

	.  reduce 75


state 136
	impresion : OUT '(' CADENA ')' ';' .  (105)

	.  reduce 105


state 137
	header_funcion : FUN ID '(' ')' ':' . tipo  (13)

	ENTERO  shift 12
	DOUBLE  shift 13
	.  error

	tipo  goto 157


state 138
	parametro : tipo ID .  (16)

	.  reduce 16


state 139
	header_funcion : FUN ID '(' lista_parametros ')' . ':' tipo  (12)

	':'  shift 158
	.  error


state 140
	lista_parametros : parametro ',' . parametro  (15)

	ENTERO  shift 12
	DOUBLE  shift 13
	.  error

	tipo  goto 108
	parametro  goto 159


state 141
	seleccion_when : WHEN '(' comparacion_bool ')' THEN . '{' ejecucion_control '}' ';'  (50)
	seleccion_when : WHEN '(' comparacion_bool ')' THEN . sentencia_ejecutable ';'  (51)

	error  shift 5
	ID  shift 6
	IF  shift 7
	OUT  shift 8
	WHEN  shift 10
	WHILE  shift 11
	'{'  shift 160
	.  error

	asignacion  goto 25
	sentencia_ejecutable  goto 161
	seleccion  goto 27
	impresion  goto 28
	seleccion_when  goto 29
	iteracion_while  goto 30


state 142
	iteracion_while : WHILE '(' comparacion_bool ')' ':' . '(' asignacion ')' '{' ejecucion_iteracion '}' ';'  (52)
	iteracion_while : WHILE '(' comparacion_bool ')' ':' . '(' asignacion ')' sentencia_ejecutable ';'  (53)

	'('  shift 162
	.  error


state 143
	iteracion_while_funcion : ID ':' WHILE . '(' comparacion_bool ')' ':' '(' asignacion ')' '{' ejecucion_iteracion RETURN '(' expresion ')' '}' ';'  (36)
	iteracion_while : ID ':' WHILE . '(' comparacion_bool ')' ':' '(' asignacion ')' '{' ejecucion_iteracion '}' ';'  (54)
	iteracion_while : ID ':' WHILE . '(' comparacion_bool ')' ':' '(' asignacion ')' sentencia_ejecutable ';'  (55)

	'('  shift 163
	.  error


state 144
	then_seleccion_funcion : THEN . '{' ejecucion_control RETURN '(' expresion ')' '}' ';'  (29)
	then_seleccion_funcion : THEN . RETURN '(' expresion ')' ';'  (30)
	then_seleccion : THEN . '{' ejecucion_control '}' ';'  (76)
	then_seleccion : THEN . sentencia_ejecutable ';'  (77)

	error  shift 5
	ID  shift 6
	IF  shift 7
	OUT  shift 8
	RETURN  shift 164
	WHEN  shift 10
	WHILE  shift 11
	'{'  shift 165
	.  error

	asignacion  goto 25
	sentencia_ejecutable  goto 102
	seleccion  goto 27
	impresion  goto 28
	seleccion_when  goto 29
	iteracion_while  goto 30


state 145
	seleccion_funcion : IF condicion_salto_if then_seleccion_funcion . ENDIF  (27)
	seleccion_funcion : IF condicion_salto_if then_seleccion_funcion . else_seleccion_funcion ENDIF  (28)

	ELSE  shift 166
	ENDIF  shift 167
	.  error

	else_seleccion_funcion  goto 168


state 146
	ejecucion_funcion : '{' RETURN '(' expresion . ')' ';' '}' ';'  (20)
	expresion : expresion . '+' termino  (92)
	expresion : expresion . '-' termino  (93)

	'+'  shift 88
	'-'  shift 89
	')'  shift 169
	.  error


state 147
	seleccion_when_funcion : WHEN '(' comparacion_bool . ')' THEN '{' ejecucion_control RETURN '(' expresion ')' '}' ';'  (33)
	seleccion_when_funcion : WHEN '(' comparacion_bool . ')' THEN RETURN '(' expresion ')' ';'  (34)
	seleccion_when : WHEN '(' comparacion_bool . ')' THEN '{' ejecucion_control '}' ';'  (50)
	seleccion_when : WHEN '(' comparacion_bool . ')' THEN sentencia_ejecutable ';'  (51)

	')'  shift 170
	.  error


state 148
	iteracion_while_funcion : WHILE '(' comparacion_bool . ')' ':' '(' asignacion ')' '{' ejecucion_iteracion RETURN '(' expresion ')' '}' ';'  (35)
	iteracion_while : WHILE '(' comparacion_bool . ')' ':' '(' asignacion ')' '{' ejecucion_iteracion '}' ';'  (52)
	iteracion_while : WHILE '(' comparacion_bool . ')' ':' '(' asignacion ')' sentencia_ejecutable ';'  (53)

	')'  shift 171
	.  error


state 149
	ejecucion_funcion : '{' bloque_funcion RETURN '(' . expresion ')' ';' '}' ';'  (19)

	ID  shift 56
	CTE  shift 57
	'-'  shift 58
	.  error

	expresion  goto 172
	termino  goto 60
	factor  goto 61
	combinacion_terminales  goto 62


state 150
	factor : ID '(' combinacion_terminales ',' . combinacion_terminales ')'  (102)

	ID  shift 121
	CTE  shift 57
	'-'  shift 58
	.  error

	combinacion_terminales  goto 173


state 151
	factor : ID '(' combinacion_terminales ')' .  (103)

	.  reduce 103


state 152
	iteracion_while : ID ':' WHILE '(' comparacion_bool ')' . ':' '(' asignacion ')' '{' ejecucion_iteracion '}' ';'  (54)
	iteracion_while : ID ':' WHILE '(' comparacion_bool ')' . ':' '(' asignacion ')' sentencia_ejecutable ';'  (55)

	':'  shift 174
	.  error


state 153
	then_seleccion : THEN '{' ejecucion_control '}' . ';'  (76)

	';'  shift 175
	.  error


state 154
	ejecucion_control : ejecucion_control sentencia_ejecutable .  (38)

	.  reduce 38


state 155
	ejecucion_control : ejecucion_control . sentencia_ejecutable  (38)
	else_seleccion : ELSE '{' ejecucion_control . '}' ';'  (78)

	error  shift 5
	ID  shift 6
	IF  shift 7
	OUT  shift 8
	WHEN  shift 10
	WHILE  shift 11
	'}'  shift 176
	.  error

	asignacion  goto 25
	sentencia_ejecutable  goto 154
	seleccion  goto 27
	impresion  goto 28
	seleccion_when  goto 29
	iteracion_while  goto 30


state 156
	else_seleccion : ELSE sentencia_ejecutable ';' .  (79)

	.  reduce 79


state 157
	header_funcion : FUN ID '(' ')' ':' tipo .  (13)

	.  reduce 13


state 158
	header_funcion : FUN ID '(' lista_parametros ')' ':' . tipo  (12)

	ENTERO  shift 12
	DOUBLE  shift 13
	.  error

	tipo  goto 177


state 159
	lista_parametros : parametro ',' parametro .  (15)

	.  reduce 15


state 160
	seleccion_when : WHEN '(' comparacion_bool ')' THEN '{' . ejecucion_control '}' ';'  (50)

	error  shift 5
	ID  shift 6
	IF  shift 7
	OUT  shift 8
	WHEN  shift 10
	WHILE  shift 11
	.  error

	ejecucion_control  goto 178
	asignacion  goto 25
	sentencia_ejecutable  goto 131
	seleccion  goto 27
	impresion  goto 28
	seleccion_when  goto 29
	iteracion_while  goto 30


state 161
	seleccion_when : WHEN '(' comparacion_bool ')' THEN sentencia_ejecutable . ';'  (51)

	';'  shift 179
	.  error


state 162
	iteracion_while : WHILE '(' comparacion_bool ')' ':' '(' . asignacion ')' '{' ejecucion_iteracion '}' ';'  (52)
	iteracion_while : WHILE '(' comparacion_bool ')' ':' '(' . asignacion ')' sentencia_ejecutable ';'  (53)

	ID  shift 40
	.  error

	asignacion  goto 180


state 163
	iteracion_while_funcion : ID ':' WHILE '(' . comparacion_bool ')' ':' '(' asignacion ')' '{' ejecucion_iteracion RETURN '(' expresion ')' '}' ';'  (36)
	iteracion_while : ID ':' WHILE '(' . comparacion_bool ')' ':' '(' asignacion ')' '{' ejecucion_iteracion '}' ';'  (54)
	iteracion_while : ID ':' WHILE '(' . comparacion_bool ')' ':' '(' asignacion ')' sentencia_ejecutable ';'  (55)

	ID  shift 56
	CTE  shift 57
	'-'  shift 58
	.  error

	expresion  goto 64
	comparacion_bool  goto 181
	termino  goto 60
	factor  goto 61
	combinacion_terminales  goto 62


state 164
	then_seleccion_funcion : THEN RETURN . '(' expresion ')' ';'  (30)

	'('  shift 182
	.  error


state 165
	then_seleccion_funcion : THEN '{' . ejecucion_control RETURN '(' expresion ')' '}' ';'  (29)
	then_seleccion : THEN '{' . ejecucion_control '}' ';'  (76)

	error  shift 5
	ID  shift 6
	IF  shift 7
	OUT  shift 8
	WHEN  shift 10
	WHILE  shift 11
	.  error

	ejecucion_control  goto 183
	asignacion  goto 25
	sentencia_ejecutable  goto 131
	seleccion  goto 27
	impresion  goto 28
	seleccion_when  goto 29
	iteracion_while  goto 30


state 166
	else_seleccion_funcion : ELSE . '{' ejecucion_control RETURN '(' expresion ')' '}' ';'  (31)
	else_seleccion_funcion : ELSE . RETURN '(' expresion ')' ';'  (32)

	RETURN  shift 184
	'{'  shift 185
	.  error


state 167
	seleccion_funcion : IF condicion_salto_if then_seleccion_funcion ENDIF .  (27)

	.  reduce 27


state 168
	seleccion_funcion : IF condicion_salto_if then_seleccion_funcion else_seleccion_funcion . ENDIF  (28)

	ENDIF  shift 186
	.  error


state 169
	ejecucion_funcion : '{' RETURN '(' expresion ')' . ';' '}' ';'  (20)

	';'  shift 187
	.  error


state 170
	seleccion_when_funcion : WHEN '(' comparacion_bool ')' . THEN '{' ejecucion_control RETURN '(' expresion ')' '}' ';'  (33)
	seleccion_when_funcion : WHEN '(' comparacion_bool ')' . THEN RETURN '(' expresion ')' ';'  (34)
	seleccion_when : WHEN '(' comparacion_bool ')' . THEN '{' ejecucion_control '}' ';'  (50)
	seleccion_when : WHEN '(' comparacion_bool ')' . THEN sentencia_ejecutable ';'  (51)

	THEN  shift 188
	.  error


state 171
	iteracion_while_funcion : WHILE '(' comparacion_bool ')' . ':' '(' asignacion ')' '{' ejecucion_iteracion RETURN '(' expresion ')' '}' ';'  (35)
	iteracion_while : WHILE '(' comparacion_bool ')' . ':' '(' asignacion ')' '{' ejecucion_iteracion '}' ';'  (52)
	iteracion_while : WHILE '(' comparacion_bool ')' . ':' '(' asignacion ')' sentencia_ejecutable ';'  (53)

	':'  shift 189
	.  error


state 172
	ejecucion_funcion : '{' bloque_funcion RETURN '(' expresion . ')' ';' '}' ';'  (19)
	expresion : expresion . '+' termino  (92)
	expresion : expresion . '-' termino  (93)

	'+'  shift 88
	'-'  shift 89
	')'  shift 190
	.  error


state 173
	factor : ID '(' combinacion_terminales ',' combinacion_terminales . ')'  (102)

	')'  shift 191
	.  error


state 174
	iteracion_while : ID ':' WHILE '(' comparacion_bool ')' ':' . '(' asignacion ')' '{' ejecucion_iteracion '}' ';'  (54)
	iteracion_while : ID ':' WHILE '(' comparacion_bool ')' ':' . '(' asignacion ')' sentencia_ejecutable ';'  (55)

	'('  shift 192
	.  error


state 175
	then_seleccion : THEN '{' ejecucion_control '}' ';' .  (76)

	.  reduce 76


state 176
	else_seleccion : ELSE '{' ejecucion_control '}' . ';'  (78)

	';'  shift 193
	.  error


state 177
	header_funcion : FUN ID '(' lista_parametros ')' ':' tipo .  (12)

	.  reduce 12


state 178
	ejecucion_control : ejecucion_control . sentencia_ejecutable  (38)
	seleccion_when : WHEN '(' comparacion_bool ')' THEN '{' ejecucion_control . '}' ';'  (50)

	error  shift 5
	ID  shift 6
	IF  shift 7
	OUT  shift 8
	WHEN  shift 10
	WHILE  shift 11
	'}'  shift 194
	.  error

	asignacion  goto 25
	sentencia_ejecutable  goto 154
	seleccion  goto 27
	impresion  goto 28
	seleccion_when  goto 29
	iteracion_while  goto 30


state 179
	seleccion_when : WHEN '(' comparacion_bool ')' THEN sentencia_ejecutable ';' .  (51)

	.  reduce 51


state 180
	iteracion_while : WHILE '(' comparacion_bool ')' ':' '(' asignacion . ')' '{' ejecucion_iteracion '}' ';'  (52)
	iteracion_while : WHILE '(' comparacion_bool ')' ':' '(' asignacion . ')' sentencia_ejecutable ';'  (53)

	')'  shift 195
	.  error


state 181
	iteracion_while_funcion : ID ':' WHILE '(' comparacion_bool . ')' ':' '(' asignacion ')' '{' ejecucion_iteracion RETURN '(' expresion ')' '}' ';'  (36)
	iteracion_while : ID ':' WHILE '(' comparacion_bool . ')' ':' '(' asignacion ')' '{' ejecucion_iteracion '}' ';'  (54)
	iteracion_while : ID ':' WHILE '(' comparacion_bool . ')' ':' '(' asignacion ')' sentencia_ejecutable ';'  (55)

	')'  shift 196
	.  error


state 182
	then_seleccion_funcion : THEN RETURN '(' . expresion ')' ';'  (30)

	ID  shift 56
	CTE  shift 57
	'-'  shift 58
	.  error

	expresion  goto 197
	termino  goto 60
	factor  goto 61
	combinacion_terminales  goto 62


state 183
	then_seleccion_funcion : THEN '{' ejecucion_control . RETURN '(' expresion ')' '}' ';'  (29)
	ejecucion_control : ejecucion_control . sentencia_ejecutable  (38)
	then_seleccion : THEN '{' ejecucion_control . '}' ';'  (76)

	error  shift 5
	ID  shift 6
	IF  shift 7
	OUT  shift 8
	RETURN  shift 198
	WHEN  shift 10
	WHILE  shift 11
	'}'  shift 153
	.  error

	asignacion  goto 25
	sentencia_ejecutable  goto 154
	seleccion  goto 27
	impresion  goto 28
	seleccion_when  goto 29
	iteracion_while  goto 30


state 184
	else_seleccion_funcion : ELSE RETURN . '(' expresion ')' ';'  (32)

	'('  shift 199
	.  error


state 185
	else_seleccion_funcion : ELSE '{' . ejecucion_control RETURN '(' expresion ')' '}' ';'  (31)

	error  shift 5
	ID  shift 6
	IF  shift 7
	OUT  shift 8
	WHEN  shift 10
	WHILE  shift 11
	.  error

	ejecucion_control  goto 200
	asignacion  goto 25
	sentencia_ejecutable  goto 131
	seleccion  goto 27
	impresion  goto 28
	seleccion_when  goto 29
	iteracion_while  goto 30


state 186
	seleccion_funcion : IF condicion_salto_if then_seleccion_funcion else_seleccion_funcion ENDIF .  (28)

	.  reduce 28


state 187
	ejecucion_funcion : '{' RETURN '(' expresion ')' ';' . '}' ';'  (20)

	'}'  shift 201
	.  error


state 188
	seleccion_when_funcion : WHEN '(' comparacion_bool ')' THEN . '{' ejecucion_control RETURN '(' expresion ')' '}' ';'  (33)
	seleccion_when_funcion : WHEN '(' comparacion_bool ')' THEN . RETURN '(' expresion ')' ';'  (34)
	seleccion_when : WHEN '(' comparacion_bool ')' THEN . '{' ejecucion_control '}' ';'  (50)
	seleccion_when : WHEN '(' comparacion_bool ')' THEN . sentencia_ejecutable ';'  (51)

	error  shift 5
	ID  shift 6
	IF  shift 7
	OUT  shift 8
	RETURN  shift 202
	WHEN  shift 10
	WHILE  shift 11
	'{'  shift 203
	.  error

	asignacion  goto 25
	sentencia_ejecutable  goto 161
	seleccion  goto 27
	impresion  goto 28
	seleccion_when  goto 29
	iteracion_while  goto 30


state 189
	iteracion_while_funcion : WHILE '(' comparacion_bool ')' ':' . '(' asignacion ')' '{' ejecucion_iteracion RETURN '(' expresion ')' '}' ';'  (35)
	iteracion_while : WHILE '(' comparacion_bool ')' ':' . '(' asignacion ')' '{' ejecucion_iteracion '}' ';'  (52)
	iteracion_while : WHILE '(' comparacion_bool ')' ':' . '(' asignacion ')' sentencia_ejecutable ';'  (53)

	'('  shift 204
	.  error


state 190
	ejecucion_funcion : '{' bloque_funcion RETURN '(' expresion ')' . ';' '}' ';'  (19)

	';'  shift 205
	.  error


state 191
	factor : ID '(' combinacion_terminales ',' combinacion_terminales ')' .  (102)

	.  reduce 102


state 192
	iteracion_while : ID ':' WHILE '(' comparacion_bool ')' ':' '(' . asignacion ')' '{' ejecucion_iteracion '}' ';'  (54)
	iteracion_while : ID ':' WHILE '(' comparacion_bool ')' ':' '(' . asignacion ')' sentencia_ejecutable ';'  (55)

	ID  shift 40
	.  error

	asignacion  goto 206


state 193
	else_seleccion : ELSE '{' ejecucion_control '}' ';' .  (78)

	.  reduce 78


state 194
	seleccion_when : WHEN '(' comparacion_bool ')' THEN '{' ejecucion_control '}' . ';'  (50)

	';'  shift 207
	.  error


state 195
	iteracion_while : WHILE '(' comparacion_bool ')' ':' '(' asignacion ')' . '{' ejecucion_iteracion '}' ';'  (52)
	iteracion_while : WHILE '(' comparacion_bool ')' ':' '(' asignacion ')' . sentencia_ejecutable ';'  (53)

	error  shift 5
	ID  shift 6
	IF  shift 7
	OUT  shift 8
	WHEN  shift 10
	WHILE  shift 11
	'{'  shift 208
	.  error

	asignacion  goto 25
	sentencia_ejecutable  goto 209
	seleccion  goto 27
	impresion  goto 28
	seleccion_when  goto 29
	iteracion_while  goto 30


state 196
	iteracion_while_funcion : ID ':' WHILE '(' comparacion_bool ')' . ':' '(' asignacion ')' '{' ejecucion_iteracion RETURN '(' expresion ')' '}' ';'  (36)
	iteracion_while : ID ':' WHILE '(' comparacion_bool ')' . ':' '(' asignacion ')' '{' ejecucion_iteracion '}' ';'  (54)
	iteracion_while : ID ':' WHILE '(' comparacion_bool ')' . ':' '(' asignacion ')' sentencia_ejecutable ';'  (55)

	':'  shift 210
	.  error


state 197
	then_seleccion_funcion : THEN RETURN '(' expresion . ')' ';'  (30)
	expresion : expresion . '+' termino  (92)
	expresion : expresion . '-' termino  (93)

	'+'  shift 88
	'-'  shift 89
	')'  shift 211
	.  error


state 198
	then_seleccion_funcion : THEN '{' ejecucion_control RETURN . '(' expresion ')' '}' ';'  (29)

	'('  shift 212
	.  error


state 199
	else_seleccion_funcion : ELSE RETURN '(' . expresion ')' ';'  (32)

	ID  shift 56
	CTE  shift 57
	'-'  shift 58
	.  error

	expresion  goto 213
	termino  goto 60
	factor  goto 61
	combinacion_terminales  goto 62


state 200
	else_seleccion_funcion : ELSE '{' ejecucion_control . RETURN '(' expresion ')' '}' ';'  (31)
	ejecucion_control : ejecucion_control . sentencia_ejecutable  (38)

	error  shift 5
	ID  shift 6
	IF  shift 7
	OUT  shift 8
	RETURN  shift 214
	WHEN  shift 10
	WHILE  shift 11
	.  error

	asignacion  goto 25
	sentencia_ejecutable  goto 154
	seleccion  goto 27
	impresion  goto 28
	seleccion_when  goto 29
	iteracion_while  goto 30


state 201
	ejecucion_funcion : '{' RETURN '(' expresion ')' ';' '}' . ';'  (20)

	';'  shift 215
	.  error


state 202
	seleccion_when_funcion : WHEN '(' comparacion_bool ')' THEN RETURN . '(' expresion ')' ';'  (34)

	'('  shift 216
	.  error


state 203
	seleccion_when_funcion : WHEN '(' comparacion_bool ')' THEN '{' . ejecucion_control RETURN '(' expresion ')' '}' ';'  (33)
	seleccion_when : WHEN '(' comparacion_bool ')' THEN '{' . ejecucion_control '}' ';'  (50)

	error  shift 5
	ID  shift 6
	IF  shift 7
	OUT  shift 8
	WHEN  shift 10
	WHILE  shift 11
	.  error

	ejecucion_control  goto 217
	asignacion  goto 25
	sentencia_ejecutable  goto 131
	seleccion  goto 27
	impresion  goto 28
	seleccion_when  goto 29
	iteracion_while  goto 30


state 204
	iteracion_while_funcion : WHILE '(' comparacion_bool ')' ':' '(' . asignacion ')' '{' ejecucion_iteracion RETURN '(' expresion ')' '}' ';'  (35)
	iteracion_while : WHILE '(' comparacion_bool ')' ':' '(' . asignacion ')' '{' ejecucion_iteracion '}' ';'  (52)
	iteracion_while : WHILE '(' comparacion_bool ')' ':' '(' . asignacion ')' sentencia_ejecutable ';'  (53)

	ID  shift 40
	.  error

	asignacion  goto 218


state 205
	ejecucion_funcion : '{' bloque_funcion RETURN '(' expresion ')' ';' . '}' ';'  (19)

	'}'  shift 219
	.  error


state 206
	iteracion_while : ID ':' WHILE '(' comparacion_bool ')' ':' '(' asignacion . ')' '{' ejecucion_iteracion '}' ';'  (54)
	iteracion_while : ID ':' WHILE '(' comparacion_bool ')' ':' '(' asignacion . ')' sentencia_ejecutable ';'  (55)

	')'  shift 220
	.  error


state 207
	seleccion_when : WHEN '(' comparacion_bool ')' THEN '{' ejecucion_control '}' ';' .  (50)

	.  reduce 50


state 208
	iteracion_while : WHILE '(' comparacion_bool ')' ':' '(' asignacion ')' '{' . ejecucion_iteracion '}' ';'  (52)

	ID  shift 6
	IF  shift 221
	OUT  shift 8
	BREAK  shift 222
	WHEN  shift 223
	WHILE  shift 11
	.  error

	asignacion  goto 224
	ejecucion_iteracion  goto 225
	impresion  goto 226
	iteracion_while  goto 227
	seleccion_iteracion  goto 228
	break  goto 229
	seleccion_when_iteracion  goto 230
	sentencia_iteracion  goto 231


state 209
	iteracion_while : WHILE '(' comparacion_bool ')' ':' '(' asignacion ')' sentencia_ejecutable . ';'  (53)

	';'  shift 232
	.  error


state 210
	iteracion_while_funcion : ID ':' WHILE '(' comparacion_bool ')' ':' . '(' asignacion ')' '{' ejecucion_iteracion RETURN '(' expresion ')' '}' ';'  (36)
	iteracion_while : ID ':' WHILE '(' comparacion_bool ')' ':' . '(' asignacion ')' '{' ejecucion_iteracion '}' ';'  (54)
	iteracion_while : ID ':' WHILE '(' comparacion_bool ')' ':' . '(' asignacion ')' sentencia_ejecutable ';'  (55)

	'('  shift 233
	.  error


state 211
	then_seleccion_funcion : THEN RETURN '(' expresion ')' . ';'  (30)

	';'  shift 234
	.  error


state 212
	then_seleccion_funcion : THEN '{' ejecucion_control RETURN '(' . expresion ')' '}' ';'  (29)

	ID  shift 56
	CTE  shift 57
	'-'  shift 58
	.  error

	expresion  goto 235
	termino  goto 60
	factor  goto 61
	combinacion_terminales  goto 62


state 213
	else_seleccion_funcion : ELSE RETURN '(' expresion . ')' ';'  (32)
	expresion : expresion . '+' termino  (92)
	expresion : expresion . '-' termino  (93)

	'+'  shift 88
	'-'  shift 89
	')'  shift 236
	.  error


state 214
	else_seleccion_funcion : ELSE '{' ejecucion_control RETURN . '(' expresion ')' '}' ';'  (31)

	'('  shift 237
	.  error


state 215
	ejecucion_funcion : '{' RETURN '(' expresion ')' ';' '}' ';' .  (20)

	.  reduce 20


state 216
	seleccion_when_funcion : WHEN '(' comparacion_bool ')' THEN RETURN '(' . expresion ')' ';'  (34)

	ID  shift 56
	CTE  shift 57
	'-'  shift 58
	.  error

	expresion  goto 238
	termino  goto 60
	factor  goto 61
	combinacion_terminales  goto 62


state 217
	seleccion_when_funcion : WHEN '(' comparacion_bool ')' THEN '{' ejecucion_control . RETURN '(' expresion ')' '}' ';'  (33)
	ejecucion_control : ejecucion_control . sentencia_ejecutable  (38)
	seleccion_when : WHEN '(' comparacion_bool ')' THEN '{' ejecucion_control . '}' ';'  (50)

	error  shift 5
	ID  shift 6
	IF  shift 7
	OUT  shift 8
	RETURN  shift 239
	WHEN  shift 10
	WHILE  shift 11
	'}'  shift 194
	.  error

	asignacion  goto 25
	sentencia_ejecutable  goto 154
	seleccion  goto 27
	impresion  goto 28
	seleccion_when  goto 29
	iteracion_while  goto 30


state 218
	iteracion_while_funcion : WHILE '(' comparacion_bool ')' ':' '(' asignacion . ')' '{' ejecucion_iteracion RETURN '(' expresion ')' '}' ';'  (35)
	iteracion_while : WHILE '(' comparacion_bool ')' ':' '(' asignacion . ')' '{' ejecucion_iteracion '}' ';'  (52)
	iteracion_while : WHILE '(' comparacion_bool ')' ':' '(' asignacion . ')' sentencia_ejecutable ';'  (53)

	')'  shift 240
	.  error


state 219
	ejecucion_funcion : '{' bloque_funcion RETURN '(' expresion ')' ';' '}' . ';'  (19)

	';'  shift 241
	.  error


state 220
	iteracion_while : ID ':' WHILE '(' comparacion_bool ')' ':' '(' asignacion ')' . '{' ejecucion_iteracion '}' ';'  (54)
	iteracion_while : ID ':' WHILE '(' comparacion_bool ')' ':' '(' asignacion ')' . sentencia_ejecutable ';'  (55)

	error  shift 5
	ID  shift 6
	IF  shift 7
	OUT  shift 8
	WHEN  shift 10
	WHILE  shift 11
	'{'  shift 242
	.  error

	asignacion  goto 25
	sentencia_ejecutable  goto 243
	seleccion  goto 27
	impresion  goto 28
	seleccion_when  goto 29
	iteracion_while  goto 30


state 221
	seleccion_iteracion : IF . condicion_salto_if then_seleccion_iteracion ENDIF  (56)
	seleccion_iteracion : IF . condicion_salto_if then_seleccion_iteracion else_seleccion_iteracion ENDIF  (57)

	'('  shift 34
	.  error

	condicion_salto_if  goto 244


state 222
	break : BREAK .  (72)
	break : BREAK . ID  (73)

	ID  shift 245
	';'  reduce 72


state 223
	seleccion_when_iteracion : WHEN . '(' comparacion_bool ')' THEN '{' ejecucion_iteracion '}' ';'  (62)
	seleccion_when_iteracion : WHEN . '(' comparacion_bool ')' THEN break ';'  (63)

	'('  shift 246
	.  error


state 224
	sentencia_iteracion : asignacion . ';'  (66)

	';'  shift 247
	.  error


state 225
	iteracion_while : WHILE '(' comparacion_bool ')' ':' '(' asignacion ')' '{' ejecucion_iteracion . '}' ';'  (52)
	ejecucion_iteracion : ejecucion_iteracion . sentencia_iteracion  (64)

	ID  shift 6
	IF  shift 221
	OUT  shift 8
	BREAK  shift 222
	WHEN  shift 223
	WHILE  shift 11
	'}'  shift 248
	.  error

	asignacion  goto 224
	impresion  goto 226
	iteracion_while  goto 227
	seleccion_iteracion  goto 228
	break  goto 229
	seleccion_when_iteracion  goto 230
	sentencia_iteracion  goto 249


state 226
	sentencia_iteracion : impresion . ';'  (68)

	';'  shift 250
	.  error


state 227
	sentencia_iteracion : iteracion_while . ';'  (70)

	';'  shift 251
	.  error


state 228
	sentencia_iteracion : seleccion_iteracion . ';'  (67)

	';'  shift 252
	.  error


state 229
	sentencia_iteracion : break . ';'  (71)

	';'  shift 253
	.  error


state 230
	sentencia_iteracion : seleccion_when_iteracion . ';'  (69)

	';'  shift 254
	.  error


state 231
	ejecucion_iteracion : sentencia_iteracion .  (65)

	.  reduce 65


state 232
	iteracion_while : WHILE '(' comparacion_bool ')' ':' '(' asignacion ')' sentencia_ejecutable ';' .  (53)

	.  reduce 53


state 233
	iteracion_while_funcion : ID ':' WHILE '(' comparacion_bool ')' ':' '(' . asignacion ')' '{' ejecucion_iteracion RETURN '(' expresion ')' '}' ';'  (36)
	iteracion_while : ID ':' WHILE '(' comparacion_bool ')' ':' '(' . asignacion ')' '{' ejecucion_iteracion '}' ';'  (54)
	iteracion_while : ID ':' WHILE '(' comparacion_bool ')' ':' '(' . asignacion ')' sentencia_ejecutable ';'  (55)

	ID  shift 40
	.  error

	asignacion  goto 255


state 234
	then_seleccion_funcion : THEN RETURN '(' expresion ')' ';' .  (30)

	.  reduce 30


state 235
	then_seleccion_funcion : THEN '{' ejecucion_control RETURN '(' expresion . ')' '}' ';'  (29)
	expresion : expresion . '+' termino  (92)
	expresion : expresion . '-' termino  (93)

	'+'  shift 88
	'-'  shift 89
	')'  shift 256
	.  error


state 236
	else_seleccion_funcion : ELSE RETURN '(' expresion ')' . ';'  (32)

	';'  shift 257
	.  error


state 237
	else_seleccion_funcion : ELSE '{' ejecucion_control RETURN '(' . expresion ')' '}' ';'  (31)

	ID  shift 56
	CTE  shift 57
	'-'  shift 58
	.  error

	expresion  goto 258
	termino  goto 60
	factor  goto 61
	combinacion_terminales  goto 62


state 238
	seleccion_when_funcion : WHEN '(' comparacion_bool ')' THEN RETURN '(' expresion . ')' ';'  (34)
	expresion : expresion . '+' termino  (92)
	expresion : expresion . '-' termino  (93)

	'+'  shift 88
	'-'  shift 89
	')'  shift 259
	.  error


state 239
	seleccion_when_funcion : WHEN '(' comparacion_bool ')' THEN '{' ejecucion_control RETURN . '(' expresion ')' '}' ';'  (33)

	'('  shift 260
	.  error


state 240
	iteracion_while_funcion : WHILE '(' comparacion_bool ')' ':' '(' asignacion ')' . '{' ejecucion_iteracion RETURN '(' expresion ')' '}' ';'  (35)
	iteracion_while : WHILE '(' comparacion_bool ')' ':' '(' asignacion ')' . '{' ejecucion_iteracion '}' ';'  (52)
	iteracion_while : WHILE '(' comparacion_bool ')' ':' '(' asignacion ')' . sentencia_ejecutable ';'  (53)

	error  shift 5
	ID  shift 6
	IF  shift 7
	OUT  shift 8
	WHEN  shift 10
	WHILE  shift 11
	'{'  shift 261
	.  error

	asignacion  goto 25
	sentencia_ejecutable  goto 209
	seleccion  goto 27
	impresion  goto 28
	seleccion_when  goto 29
	iteracion_while  goto 30


state 241
	ejecucion_funcion : '{' bloque_funcion RETURN '(' expresion ')' ';' '}' ';' .  (19)

	.  reduce 19


state 242
	iteracion_while : ID ':' WHILE '(' comparacion_bool ')' ':' '(' asignacion ')' '{' . ejecucion_iteracion '}' ';'  (54)

	ID  shift 6
	IF  shift 221
	OUT  shift 8
	BREAK  shift 222
	WHEN  shift 223
	WHILE  shift 11
	.  error

	asignacion  goto 224
	ejecucion_iteracion  goto 262
	impresion  goto 226
	iteracion_while  goto 227
	seleccion_iteracion  goto 228
	break  goto 229
	seleccion_when_iteracion  goto 230
	sentencia_iteracion  goto 231


state 243
	iteracion_while : ID ':' WHILE '(' comparacion_bool ')' ':' '(' asignacion ')' sentencia_ejecutable . ';'  (55)

	';'  shift 263
	.  error


state 244
	seleccion_iteracion : IF condicion_salto_if . then_seleccion_iteracion ENDIF  (56)
	seleccion_iteracion : IF condicion_salto_if . then_seleccion_iteracion else_seleccion_iteracion ENDIF  (57)

	THEN  shift 264
	.  error

	then_seleccion_iteracion  goto 265


state 245
	break : BREAK ID .  (73)

	.  reduce 73


state 246
	seleccion_when_iteracion : WHEN '(' . comparacion_bool ')' THEN '{' ejecucion_iteracion '}' ';'  (62)
	seleccion_when_iteracion : WHEN '(' . comparacion_bool ')' THEN break ';'  (63)

	ID  shift 56
	CTE  shift 57
	'-'  shift 58
	.  error

	expresion  goto 64
	comparacion_bool  goto 266
	termino  goto 60
	factor  goto 61
	combinacion_terminales  goto 62


state 247
	sentencia_iteracion : asignacion ';' .  (66)

	.  reduce 66


state 248
	iteracion_while : WHILE '(' comparacion_bool ')' ':' '(' asignacion ')' '{' ejecucion_iteracion '}' . ';'  (52)

	';'  shift 267
	.  error


state 249
	ejecucion_iteracion : ejecucion_iteracion sentencia_iteracion .  (64)

	.  reduce 64


state 250
	sentencia_iteracion : impresion ';' .  (68)

	.  reduce 68


state 251
	sentencia_iteracion : iteracion_while ';' .  (70)

	.  reduce 70


state 252
	sentencia_iteracion : seleccion_iteracion ';' .  (67)

	.  reduce 67


state 253
	sentencia_iteracion : break ';' .  (71)

	.  reduce 71


state 254
	sentencia_iteracion : seleccion_when_iteracion ';' .  (69)

	.  reduce 69


state 255
	iteracion_while_funcion : ID ':' WHILE '(' comparacion_bool ')' ':' '(' asignacion . ')' '{' ejecucion_iteracion RETURN '(' expresion ')' '}' ';'  (36)
	iteracion_while : ID ':' WHILE '(' comparacion_bool ')' ':' '(' asignacion . ')' '{' ejecucion_iteracion '}' ';'  (54)
	iteracion_while : ID ':' WHILE '(' comparacion_bool ')' ':' '(' asignacion . ')' sentencia_ejecutable ';'  (55)

	')'  shift 268
	.  error


state 256
	then_seleccion_funcion : THEN '{' ejecucion_control RETURN '(' expresion ')' . '}' ';'  (29)

	'}'  shift 269
	.  error


state 257
	else_seleccion_funcion : ELSE RETURN '(' expresion ')' ';' .  (32)

	.  reduce 32


state 258
	else_seleccion_funcion : ELSE '{' ejecucion_control RETURN '(' expresion . ')' '}' ';'  (31)
	expresion : expresion . '+' termino  (92)
	expresion : expresion . '-' termino  (93)

	'+'  shift 88
	'-'  shift 89
	')'  shift 270
	.  error


state 259
	seleccion_when_funcion : WHEN '(' comparacion_bool ')' THEN RETURN '(' expresion ')' . ';'  (34)

	';'  shift 271
	.  error


state 260
	seleccion_when_funcion : WHEN '(' comparacion_bool ')' THEN '{' ejecucion_control RETURN '(' . expresion ')' '}' ';'  (33)

	ID  shift 56
	CTE  shift 57
	'-'  shift 58
	.  error

	expresion  goto 272
	termino  goto 60
	factor  goto 61
	combinacion_terminales  goto 62


state 261
	iteracion_while_funcion : WHILE '(' comparacion_bool ')' ':' '(' asignacion ')' '{' . ejecucion_iteracion RETURN '(' expresion ')' '}' ';'  (35)
	iteracion_while : WHILE '(' comparacion_bool ')' ':' '(' asignacion ')' '{' . ejecucion_iteracion '}' ';'  (52)

	ID  shift 6
	IF  shift 221
	OUT  shift 8
	BREAK  shift 222
	WHEN  shift 223
	WHILE  shift 11
	.  error

	asignacion  goto 224
	ejecucion_iteracion  goto 273
	impresion  goto 226
	iteracion_while  goto 227
	seleccion_iteracion  goto 228
	break  goto 229
	seleccion_when_iteracion  goto 230
	sentencia_iteracion  goto 231


state 262
	iteracion_while : ID ':' WHILE '(' comparacion_bool ')' ':' '(' asignacion ')' '{' ejecucion_iteracion . '}' ';'  (54)
	ejecucion_iteracion : ejecucion_iteracion . sentencia_iteracion  (64)

	ID  shift 6
	IF  shift 221
	OUT  shift 8
	BREAK  shift 222
	WHEN  shift 223
	WHILE  shift 11
	'}'  shift 274
	.  error

	asignacion  goto 224
	impresion  goto 226
	iteracion_while  goto 227
	seleccion_iteracion  goto 228
	break  goto 229
	seleccion_when_iteracion  goto 230
	sentencia_iteracion  goto 249


state 263
	iteracion_while : ID ':' WHILE '(' comparacion_bool ')' ':' '(' asignacion ')' sentencia_ejecutable ';' .  (55)

	.  reduce 55


state 264
	then_seleccion_iteracion : THEN . '{' ejecucion_iteracion '}' ';'  (58)
	then_seleccion_iteracion : THEN . break ';'  (59)

	BREAK  shift 222
	'{'  shift 275
	.  error

	break  goto 276


state 265
	seleccion_iteracion : IF condicion_salto_if then_seleccion_iteracion . ENDIF  (56)
	seleccion_iteracion : IF condicion_salto_if then_seleccion_iteracion . else_seleccion_iteracion ENDIF  (57)

	ELSE  shift 277
	ENDIF  shift 278
	.  error

	else_seleccion_iteracion  goto 279


state 266
	seleccion_when_iteracion : WHEN '(' comparacion_bool . ')' THEN '{' ejecucion_iteracion '}' ';'  (62)
	seleccion_when_iteracion : WHEN '(' comparacion_bool . ')' THEN break ';'  (63)

	')'  shift 280
	.  error


state 267
	iteracion_while : WHILE '(' comparacion_bool ')' ':' '(' asignacion ')' '{' ejecucion_iteracion '}' ';' .  (52)

	.  reduce 52


state 268
	iteracion_while_funcion : ID ':' WHILE '(' comparacion_bool ')' ':' '(' asignacion ')' . '{' ejecucion_iteracion RETURN '(' expresion ')' '}' ';'  (36)
	iteracion_while : ID ':' WHILE '(' comparacion_bool ')' ':' '(' asignacion ')' . '{' ejecucion_iteracion '}' ';'  (54)
	iteracion_while : ID ':' WHILE '(' comparacion_bool ')' ':' '(' asignacion ')' . sentencia_ejecutable ';'  (55)

	error  shift 5
	ID  shift 6
	IF  shift 7
	OUT  shift 8
	WHEN  shift 10
	WHILE  shift 11
	'{'  shift 281
	.  error

	asignacion  goto 25
	sentencia_ejecutable  goto 243
	seleccion  goto 27
	impresion  goto 28
	seleccion_when  goto 29
	iteracion_while  goto 30


state 269
	then_seleccion_funcion : THEN '{' ejecucion_control RETURN '(' expresion ')' '}' . ';'  (29)

	';'  shift 282
	.  error


state 270
	else_seleccion_funcion : ELSE '{' ejecucion_control RETURN '(' expresion ')' . '}' ';'  (31)

	'}'  shift 283
	.  error


state 271
	seleccion_when_funcion : WHEN '(' comparacion_bool ')' THEN RETURN '(' expresion ')' ';' .  (34)

	.  reduce 34


state 272
	seleccion_when_funcion : WHEN '(' comparacion_bool ')' THEN '{' ejecucion_control RETURN '(' expresion . ')' '}' ';'  (33)
	expresion : expresion . '+' termino  (92)
	expresion : expresion . '-' termino  (93)

	'+'  shift 88
	'-'  shift 89
	')'  shift 284
	.  error


state 273
	iteracion_while_funcion : WHILE '(' comparacion_bool ')' ':' '(' asignacion ')' '{' ejecucion_iteracion . RETURN '(' expresion ')' '}' ';'  (35)
	iteracion_while : WHILE '(' comparacion_bool ')' ':' '(' asignacion ')' '{' ejecucion_iteracion . '}' ';'  (52)
	ejecucion_iteracion : ejecucion_iteracion . sentencia_iteracion  (64)

	ID  shift 6
	IF  shift 221
	OUT  shift 8
	RETURN  shift 285
	BREAK  shift 222
	WHEN  shift 223
	WHILE  shift 11
	'}'  shift 248
	.  error

	asignacion  goto 224
	impresion  goto 226
	iteracion_while  goto 227
	seleccion_iteracion  goto 228
	break  goto 229
	seleccion_when_iteracion  goto 230
	sentencia_iteracion  goto 249


state 274
	iteracion_while : ID ':' WHILE '(' comparacion_bool ')' ':' '(' asignacion ')' '{' ejecucion_iteracion '}' . ';'  (54)

	';'  shift 286
	.  error


state 275
	then_seleccion_iteracion : THEN '{' . ejecucion_iteracion '}' ';'  (58)

	ID  shift 6
	IF  shift 221
	OUT  shift 8
	BREAK  shift 222
	WHEN  shift 223
	WHILE  shift 11
	.  error

	asignacion  goto 224
	ejecucion_iteracion  goto 287
	impresion  goto 226
	iteracion_while  goto 227
	seleccion_iteracion  goto 228
	break  goto 229
	seleccion_when_iteracion  goto 230
	sentencia_iteracion  goto 231


state 276
	then_seleccion_iteracion : THEN break . ';'  (59)

	';'  shift 288
	.  error


state 277
	else_seleccion_iteracion : ELSE . '{' ejecucion_iteracion '}' ';'  (60)
	else_seleccion_iteracion : ELSE . RETURN '(' expresion ')' ';'  (61)

	RETURN  shift 289
	'{'  shift 290
	.  error


state 278
	seleccion_iteracion : IF condicion_salto_if then_seleccion_iteracion ENDIF .  (56)

	.  reduce 56


state 279
	seleccion_iteracion : IF condicion_salto_if then_seleccion_iteracion else_seleccion_iteracion . ENDIF  (57)

	ENDIF  shift 291
	.  error


state 280
	seleccion_when_iteracion : WHEN '(' comparacion_bool ')' . THEN '{' ejecucion_iteracion '}' ';'  (62)
	seleccion_when_iteracion : WHEN '(' comparacion_bool ')' . THEN break ';'  (63)

	THEN  shift 292
	.  error


state 281
	iteracion_while_funcion : ID ':' WHILE '(' comparacion_bool ')' ':' '(' asignacion ')' '{' . ejecucion_iteracion RETURN '(' expresion ')' '}' ';'  (36)
	iteracion_while : ID ':' WHILE '(' comparacion_bool ')' ':' '(' asignacion ')' '{' . ejecucion_iteracion '}' ';'  (54)

	ID  shift 6
	IF  shift 221
	OUT  shift 8
	BREAK  shift 222
	WHEN  shift 223
	WHILE  shift 11
	.  error

	asignacion  goto 224
	ejecucion_iteracion  goto 293
	impresion  goto 226
	iteracion_while  goto 227
	seleccion_iteracion  goto 228
	break  goto 229
	seleccion_when_iteracion  goto 230
	sentencia_iteracion  goto 231


state 282
	then_seleccion_funcion : THEN '{' ejecucion_control RETURN '(' expresion ')' '}' ';' .  (29)

	.  reduce 29


state 283
	else_seleccion_funcion : ELSE '{' ejecucion_control RETURN '(' expresion ')' '}' . ';'  (31)

	';'  shift 294
	.  error


state 284
	seleccion_when_funcion : WHEN '(' comparacion_bool ')' THEN '{' ejecucion_control RETURN '(' expresion ')' . '}' ';'  (33)

	'}'  shift 295
	.  error


state 285
	iteracion_while_funcion : WHILE '(' comparacion_bool ')' ':' '(' asignacion ')' '{' ejecucion_iteracion RETURN . '(' expresion ')' '}' ';'  (35)

	'('  shift 296
	.  error


state 286
	iteracion_while : ID ':' WHILE '(' comparacion_bool ')' ':' '(' asignacion ')' '{' ejecucion_iteracion '}' ';' .  (54)

	.  reduce 54


state 287
	then_seleccion_iteracion : THEN '{' ejecucion_iteracion . '}' ';'  (58)
	ejecucion_iteracion : ejecucion_iteracion . sentencia_iteracion  (64)

	ID  shift 6
	IF  shift 221
	OUT  shift 8
	BREAK  shift 222
	WHEN  shift 223
	WHILE  shift 11
	'}'  shift 297
	.  error

	asignacion  goto 224
	impresion  goto 226
	iteracion_while  goto 227
	seleccion_iteracion  goto 228
	break  goto 229
	seleccion_when_iteracion  goto 230
	sentencia_iteracion  goto 249


state 288
	then_seleccion_iteracion : THEN break ';' .  (59)

	.  reduce 59


state 289
	else_seleccion_iteracion : ELSE RETURN . '(' expresion ')' ';'  (61)

	'('  shift 298
	.  error


state 290
	else_seleccion_iteracion : ELSE '{' . ejecucion_iteracion '}' ';'  (60)

	ID  shift 6
	IF  shift 221
	OUT  shift 8
	BREAK  shift 222
	WHEN  shift 223
	WHILE  shift 11
	.  error

	asignacion  goto 224
	ejecucion_iteracion  goto 299
	impresion  goto 226
	iteracion_while  goto 227
	seleccion_iteracion  goto 228
	break  goto 229
	seleccion_when_iteracion  goto 230
	sentencia_iteracion  goto 231


state 291
	seleccion_iteracion : IF condicion_salto_if then_seleccion_iteracion else_seleccion_iteracion ENDIF .  (57)

	.  reduce 57


state 292
	seleccion_when_iteracion : WHEN '(' comparacion_bool ')' THEN . '{' ejecucion_iteracion '}' ';'  (62)
	seleccion_when_iteracion : WHEN '(' comparacion_bool ')' THEN . break ';'  (63)

	BREAK  shift 222
	'{'  shift 300
	.  error

	break  goto 301


state 293
	iteracion_while_funcion : ID ':' WHILE '(' comparacion_bool ')' ':' '(' asignacion ')' '{' ejecucion_iteracion . RETURN '(' expresion ')' '}' ';'  (36)
	iteracion_while : ID ':' WHILE '(' comparacion_bool ')' ':' '(' asignacion ')' '{' ejecucion_iteracion . '}' ';'  (54)
	ejecucion_iteracion : ejecucion_iteracion . sentencia_iteracion  (64)

	ID  shift 6
	IF  shift 221
	OUT  shift 8
	RETURN  shift 302
	BREAK  shift 222
	WHEN  shift 223
	WHILE  shift 11
	'}'  shift 274
	.  error

	asignacion  goto 224
	impresion  goto 226
	iteracion_while  goto 227
	seleccion_iteracion  goto 228
	break  goto 229
	seleccion_when_iteracion  goto 230
	sentencia_iteracion  goto 249


state 294
	else_seleccion_funcion : ELSE '{' ejecucion_control RETURN '(' expresion ')' '}' ';' .  (31)

	.  reduce 31


state 295
	seleccion_when_funcion : WHEN '(' comparacion_bool ')' THEN '{' ejecucion_control RETURN '(' expresion ')' '}' . ';'  (33)

	';'  shift 303
	.  error


state 296
	iteracion_while_funcion : WHILE '(' comparacion_bool ')' ':' '(' asignacion ')' '{' ejecucion_iteracion RETURN '(' . expresion ')' '}' ';'  (35)

	ID  shift 56
	CTE  shift 57
	'-'  shift 58
	.  error

	expresion  goto 304
	termino  goto 60
	factor  goto 61
	combinacion_terminales  goto 62


state 297
	then_seleccion_iteracion : THEN '{' ejecucion_iteracion '}' . ';'  (58)

	';'  shift 305
	.  error


state 298
	else_seleccion_iteracion : ELSE RETURN '(' . expresion ')' ';'  (61)

	ID  shift 56
	CTE  shift 57
	'-'  shift 58
	.  error

	expresion  goto 306
	termino  goto 60
	factor  goto 61
	combinacion_terminales  goto 62


state 299
	else_seleccion_iteracion : ELSE '{' ejecucion_iteracion . '}' ';'  (60)
	ejecucion_iteracion : ejecucion_iteracion . sentencia_iteracion  (64)

	ID  shift 6
	IF  shift 221
	OUT  shift 8
	BREAK  shift 222
	WHEN  shift 223
	WHILE  shift 11
	'}'  shift 307
	.  error

	asignacion  goto 224
	impresion  goto 226
	iteracion_while  goto 227
	seleccion_iteracion  goto 228
	break  goto 229
	seleccion_when_iteracion  goto 230
	sentencia_iteracion  goto 249


state 300
	seleccion_when_iteracion : WHEN '(' comparacion_bool ')' THEN '{' . ejecucion_iteracion '}' ';'  (62)

	ID  shift 6
	IF  shift 221
	OUT  shift 8
	BREAK  shift 222
	WHEN  shift 223
	WHILE  shift 11
	.  error

	asignacion  goto 224
	ejecucion_iteracion  goto 308
	impresion  goto 226
	iteracion_while  goto 227
	seleccion_iteracion  goto 228
	break  goto 229
	seleccion_when_iteracion  goto 230
	sentencia_iteracion  goto 231


state 301
	seleccion_when_iteracion : WHEN '(' comparacion_bool ')' THEN break . ';'  (63)

	';'  shift 309
	.  error


state 302
	iteracion_while_funcion : ID ':' WHILE '(' comparacion_bool ')' ':' '(' asignacion ')' '{' ejecucion_iteracion RETURN . '(' expresion ')' '}' ';'  (36)

	'('  shift 310
	.  error


state 303
	seleccion_when_funcion : WHEN '(' comparacion_bool ')' THEN '{' ejecucion_control RETURN '(' expresion ')' '}' ';' .  (33)

	.  reduce 33


state 304
	iteracion_while_funcion : WHILE '(' comparacion_bool ')' ':' '(' asignacion ')' '{' ejecucion_iteracion RETURN '(' expresion . ')' '}' ';'  (35)
	expresion : expresion . '+' termino  (92)
	expresion : expresion . '-' termino  (93)

	'+'  shift 88
	'-'  shift 89
	')'  shift 311
	.  error


state 305
	then_seleccion_iteracion : THEN '{' ejecucion_iteracion '}' ';' .  (58)

	.  reduce 58


state 306
	else_seleccion_iteracion : ELSE RETURN '(' expresion . ')' ';'  (61)
	expresion : expresion . '+' termino  (92)
	expresion : expresion . '-' termino  (93)

	'+'  shift 88
	'-'  shift 89
	')'  shift 312
	.  error


state 307
	else_seleccion_iteracion : ELSE '{' ejecucion_iteracion '}' . ';'  (60)

	';'  shift 313
	.  error


state 308
	seleccion_when_iteracion : WHEN '(' comparacion_bool ')' THEN '{' ejecucion_iteracion . '}' ';'  (62)
	ejecucion_iteracion : ejecucion_iteracion . sentencia_iteracion  (64)

	ID  shift 6
	IF  shift 221
	OUT  shift 8
	BREAK  shift 222
	WHEN  shift 223
	WHILE  shift 11
	'}'  shift 314
	.  error

	asignacion  goto 224
	impresion  goto 226
	iteracion_while  goto 227
	seleccion_iteracion  goto 228
	break  goto 229
	seleccion_when_iteracion  goto 230
	sentencia_iteracion  goto 249


state 309
	seleccion_when_iteracion : WHEN '(' comparacion_bool ')' THEN break ';' .  (63)

	.  reduce 63


state 310
	iteracion_while_funcion : ID ':' WHILE '(' comparacion_bool ')' ':' '(' asignacion ')' '{' ejecucion_iteracion RETURN '(' . expresion ')' '}' ';'  (36)

	ID  shift 56
	CTE  shift 57
	'-'  shift 58
	.  error

	expresion  goto 315
	termino  goto 60
	factor  goto 61
	combinacion_terminales  goto 62


state 311
	iteracion_while_funcion : WHILE '(' comparacion_bool ')' ':' '(' asignacion ')' '{' ejecucion_iteracion RETURN '(' expresion ')' . '}' ';'  (35)

	'}'  shift 316
	.  error


state 312
	else_seleccion_iteracion : ELSE RETURN '(' expresion ')' . ';'  (61)

	';'  shift 317
	.  error


state 313
	else_seleccion_iteracion : ELSE '{' ejecucion_iteracion '}' ';' .  (60)

	.  reduce 60


state 314
	seleccion_when_iteracion : WHEN '(' comparacion_bool ')' THEN '{' ejecucion_iteracion '}' . ';'  (62)

	';'  shift 318
	.  error


state 315
	iteracion_while_funcion : ID ':' WHILE '(' comparacion_bool ')' ':' '(' asignacion ')' '{' ejecucion_iteracion RETURN '(' expresion . ')' '}' ';'  (36)
	expresion : expresion . '+' termino  (92)
	expresion : expresion . '-' termino  (93)

	'+'  shift 88
	'-'  shift 89
	')'  shift 319
	.  error


state 316
	iteracion_while_funcion : WHILE '(' comparacion_bool ')' ':' '(' asignacion ')' '{' ejecucion_iteracion RETURN '(' expresion ')' '}' . ';'  (35)

	';'  shift 320
	.  error


state 317
	else_seleccion_iteracion : ELSE RETURN '(' expresion ')' ';' .  (61)

	.  reduce 61


state 318
	seleccion_when_iteracion : WHEN '(' comparacion_bool ')' THEN '{' ejecucion_iteracion '}' ';' .  (62)

	.  reduce 62


state 319
	iteracion_while_funcion : ID ':' WHILE '(' comparacion_bool ')' ':' '(' asignacion ')' '{' ejecucion_iteracion RETURN '(' expresion ')' . '}' ';'  (36)

	'}'  shift 321
	.  error


state 320
	iteracion_while_funcion : WHILE '(' comparacion_bool ')' ':' '(' asignacion ')' '{' ejecucion_iteracion RETURN '(' expresion ')' '}' ';' .  (35)

	.  reduce 35


state 321
	iteracion_while_funcion : ID ':' WHILE '(' comparacion_bool ')' ':' '(' asignacion ')' '{' ejecucion_iteracion RETURN '(' expresion ')' '}' . ';'  (36)

	';'  shift 322
	.  error


state 322
	iteracion_while_funcion : ID ':' WHILE '(' comparacion_bool ')' ':' '(' asignacion ')' '{' ejecucion_iteracion RETURN '(' expresion ')' '}' ';' .  (36)

	.  reduce 36


37 terminals, 47 nonterminals
106 grammar rules, 323 states
